Build started 2013-03-15 19:04:25.
     1>Project "E:\Programowanie\Flow_Engine\Flow_Engine\Flow_Engine.vcxproj" on node 2 (build target(s)).
     1>InitializeBuildStatus:
         Creating "Debug\Flow_Engine.unsuccessfulbuild" because "AlwaysCreate" was specified.
       ClCompile:
         C:\Program Files (x86)\Microsoft Visual Studio 10.0\VC\bin\CL.exe /c /IE:\Programowanie\Flow_Engine\libs\Box2D /I"E:\Programowanie\Flow_Engine\libs\SFML-2.0-rc\include" /ZI /nologo /W3 /WX- /Od /Oy- /D _MBCS /Gm /EHsc /RTC1 /MDd /GS /fp:precise /Zc:wchar_t /Zc:forScope /Fo"Debug\\" /Fd"Debug\vc100.pdb" /Gd /TP /analyze- /errorReport:prompt main.cpp
         main.cpp
     1>e:\programowanie\flow_engine\flow_engine\enginecore.h(9): warning C4305: 'initializing' : truncation from 'double' to 'const float'
     1>e:\programowanie\flow_engine\flow_engine\enginecore.h(39): warning C4305: 'argument' : truncation from 'double' to 'float'
     1>e:\programowanie\flow_engine\flow_engine\enginecore.h(39): warning C4305: 'argument' : truncation from 'double' to 'float'
       Link:
         C:\Program Files (x86)\Microsoft Visual Studio 10.0\VC\bin\link.exe /ERRORREPORT:PROMPT /OUT:"E:\Programowanie\Flow_Engine\Debug\Flow_Engine.exe" /NOLOGO /LIBPATH:E:\Programowanie\Flow_Engine\libs\Box2D /LIBPATH:"E:\Programowanie\Flow_Engine\libs\SFML-2.0-rc\lib" "sfml-audio-d.lib" "sfml-graphics-d.lib" "sfml-main-d.lib" "sfml-network-d.lib" "sfml-system-d.lib" "sfml-window-d.lib" kernel32.lib user32.lib gdi32.lib winspool.lib comdlg32.lib advapi32.lib shell32.lib ole32.lib oleaut32.lib uuid.lib odbc32.lib odbccp32.lib /MANIFEST /ManifestFile:"Debug\Flow_Engine.exe.intermediate.manifest" /MANIFESTUAC:"level='asInvoker' uiAccess='false'" /DEBUG /PDB:"E:\Programowanie\Flow_Engine\Debug\Flow_Engine.pdb" /SUBSYSTEM:WINDOWS /TLBID:1 /DYNAMICBASE /NXCOMPAT /IMPLIB:"E:\Programowanie\Flow_Engine\Debug\Flow_Engine.lib" /MACHINE:X86 Debug\main.obj
         LINK : E:\Programowanie\Flow_Engine\Debug\Flow_Engine.exe not found or not built by the last incremental link; performing full link
     1>sfml-main-d.lib(SFML_Main.cpp.obj) : warning LNK4099: PDB 'sfml-main-d.pdb' was not found with 'sfml-main-d.lib(SFML_Main.cpp.obj)' or at 'E:\Programowanie\Flow_Engine\Debug\sfml-main-d.pdb'; linking object as if no debug info
         Flow_Engine.vcxproj -> E:\Programowanie\Flow_Engine\Debug\Flow_Engine.exe
       Manifest:
         C:\Program Files (x86)\Microsoft SDKs\Windows\v7.0A\bin\mt.exe /nologo /verbose /outputresource:"E:\Programowanie\Flow_Engine\Debug\Flow_Engine.exe;#1" /manifest Debug\Flow_Engine.exe.intermediate.manifest
       FinalizeBuildStatus:
         Deleting file "Debug\Flow_Engine.unsuccessfulbuild".
         Touching "Debug\Flow_Engine.lastbuildstate".
     1>Done Building Project "E:\Programowanie\Flow_Engine\Flow_Engine\Flow_Engine.vcxproj" (build target(s)).

Build succeeded.

Time Elapsed 00:00:01.13
